main.py: Initializing...
device.py: Configuring left_pressure...
device.py: Configuring lat_enab...
device.py: Configuring lat_data...
device.py: Configuring lat_addr_1...
device.py: Configuring lat_addr_2...
device.py: Configuring lat_addr_3...
device.py: Configuring motor_1_speed...
device.py: Configuring motor_latch...
device.py: Configuring main_compressor...
device.py: Configuring motor_1...
device.py: Configuring left_muscle...
device.py: Device configuration complete
device.py: Total of 14 device parsers configured
device.py: Device parsers: 
input_device
output_device
pwm_output_device
compressor
enab_pin
data_pin
addr_pin
latch
directionPin
speedPin
raw_motor
pressure
valve
muscle
device.py: Total of 63 devices configured
device.py: Devices: 

"input_device":
		"left_pressure":<gpiozero.DigitalInputDevice object on pin GPIO27, pull_up=False, is_active=False>

"output_device":
		"lat_enab":<gpiozero.DigitalOutputDevice object on pin GPIO15, active_high=True, is_active=False>
		"lat_data":<gpiozero.DigitalOutputDevice object on pin GPIO23, active_high=True, is_active=False>
		"lat_addr_1":<gpiozero.DigitalOutputDevice object on pin GPIO5, active_high=True, is_active=False>
		"lat_addr_2":<gpiozero.DigitalOutputDevice object on pin GPIO6, active_high=True, is_active=False>
		"lat_addr_3":<gpiozero.DigitalOutputDevice object on pin GPIO12, active_high=True, is_active=False>
		"motor_latch.motor_1":VirtualDigitalOutputDevice(pin=0, value=0)
		"main_compressor":<gpiozero.DigitalOutputDevice object on pin GPIO22, active_high=True, is_active=False>
		"left_muscle.valve":<gpiozero.DigitalOutputDevice object on pin GPIO24, active_high=True, is_active=False>

"pwm_output_device":
		"motor_1_speed":<gpiozero.PWMOutputDevice object on pin GPIO26, active_high=True, is_active=False>

"compressor":
		"main_compressor":<gpiozero.DigitalOutputDevice object on pin GPIO22, active_high=True, is_active=False>

"enab_pin":
		"lat_enab":<gpiozero.DigitalOutputDevice object on pin GPIO15, active_high=True, is_active=False>

"data_pin":
		"lat_data":<gpiozero.DigitalOutputDevice object on pin GPIO23, active_high=True, is_active=False>

"addr_pin":
		"lat_addr_1":<gpiozero.DigitalOutputDevice object on pin GPIO5, active_high=True, is_active=False>
		"lat_addr_2":<gpiozero.DigitalOutputDevice object on pin GPIO6, active_high=True, is_active=False>
		"lat_addr_3":<gpiozero.DigitalOutputDevice object on pin GPIO12, active_high=True, is_active=False>

"latch":
		"motor_latch":Latch(data='lat_data', enab='lat_enab', addr_1='lat_addr_1', addr_2='lat_addr_2', addr_3='lat_addr_3', pins=OrderedDict([('motor_1', 0)]), queue=[], lock=False, _identifier='motor_latch')

"directionPin":
		"motor_latch.motor_1":VirtualDigitalOutputDevice(pin=0, value=0)

"speedPin":
		"motor_1_speed":<gpiozero.PWMOutputDevice object on pin GPIO26, active_high=True, is_active=False>

"raw_motor":
		"motor_1":RawMotor(speed='motor_1_speed', direction='motor_latch.motor_1', stop_duration=0.1)

"pressure":
		"left_pressure":<gpiozero.DigitalInputDevice object on pin GPIO27, pull_up=False, is_active=False>

"valve":
		"left_muscle.valve":<gpiozero.DigitalOutputDevice object on pin GPIO24, active_high=True, is_active=False>

"muscle":
		"left_muscle":MuscleObj(pressure='left_pressure', valve='left_muscle.valve')
main.py: Initialized components from pinconfig
pygame.py: Initialized global variabled: Font, Screen, Clock
main.py: Hydrating Screen with initial values
main.py: Screen Hydrated
main.py: Completed Screen Update Events
