/workspaces/main-catbot/install/foundation/lib/python3.12/site-packages/foundation/__init__.py
/workspaces/main-catbot/install/foundation/lib/python3.12/site-packages/foundation/main.py
/workspaces/main-catbot/install/foundation/lib/python3.12/site-packages/foundation/component/__init__.py
/workspaces/main-catbot/install/foundation/lib/python3.12/site-packages/foundation/samples/__init__.py
/workspaces/main-catbot/install/foundation/lib/python3.12/site-packages/foundation/samples/stop_motor.py
/workspaces/main-catbot/install/foundation/lib/python3.12/site-packages/foundation/samples/latch_logic_test.py
/workspaces/main-catbot/install/foundation/lib/python3.12/site-packages/foundation/state_management/__init__.py
/workspaces/main-catbot/install/foundation/lib/python3.12/site-packages/foundation/state_management/_device.py
/workspaces/main-catbot/install/foundation/lib/python3.12/site-packages/foundation/view/__init__.py
/workspaces/main-catbot/install/foundation/lib/python3.12/site-packages/foundation/view/pygame.py
/workspaces/main-catbot/install/foundation/lib/python3.12/site-packages/foundation/component/potentiometer/potentiometer.py
/workspaces/main-catbot/install/foundation/lib/python3.12/site-packages/foundation/component/potentiometer/__init__.py
/workspaces/main-catbot/install/foundation/lib/python3.12/site-packages/foundation/component/latch/latch.py
/workspaces/main-catbot/install/foundation/lib/python3.12/site-packages/foundation/component/latch/__init__.py
/workspaces/main-catbot/install/foundation/lib/python3.12/site-packages/foundation/component/compressor/__init__.py
/workspaces/main-catbot/install/foundation/lib/python3.12/site-packages/foundation/component/compressor/compressor.py
/workspaces/main-catbot/install/foundation/lib/python3.12/site-packages/foundation/component/limit_switch/__init__.py
/workspaces/main-catbot/install/foundation/lib/python3.12/site-packages/foundation/component/limit_switch/switch.py
/workspaces/main-catbot/install/foundation/lib/python3.12/site-packages/foundation/component/smbus/smbus.py
/workspaces/main-catbot/install/foundation/lib/python3.12/site-packages/foundation/component/smbus/__init__.py
/workspaces/main-catbot/install/foundation/lib/python3.12/site-packages/foundation/component/motor/motor.py
/workspaces/main-catbot/install/foundation/lib/python3.12/site-packages/foundation/component/motor/__init__.py
/workspaces/main-catbot/install/foundation/lib/python3.12/site-packages/foundation/component/motor/raw_motor.py
/workspaces/main-catbot/install/foundation/lib/python3.12/site-packages/foundation/component/adc/__init__.py
/workspaces/main-catbot/install/foundation/lib/python3.12/site-packages/foundation/component/adc/adc.py
/workspaces/main-catbot/install/foundation/lib/python3.12/site-packages/foundation/component/io_expander/io_expander.py
/workspaces/main-catbot/install/foundation/lib/python3.12/site-packages/foundation/component/io_expander/__init__.py
/workspaces/main-catbot/install/foundation/lib/python3.12/site-packages/foundation/component/muscle/__init__.py
/workspaces/main-catbot/install/foundation/lib/python3.12/site-packages/foundation/component/muscle/muscle.py
/workspaces/main-catbot/install/foundation/lib/python3.12/site-packages/foundation/component/latch/pin/pin.py
/workspaces/main-catbot/install/foundation/lib/python3.12/site-packages/foundation/component/latch/pin/__init__.py
/workspaces/main-catbot/install/foundation/lib/python3.12/site-packages/foundation/component/motor/pin/speed_pin.py
/workspaces/main-catbot/install/foundation/lib/python3.12/site-packages/foundation/component/motor/pin/__init__.py
/workspaces/main-catbot/install/foundation/lib/python3.12/site-packages/foundation/component/motor/pin/step_pin.py
/workspaces/main-catbot/install/foundation/lib/python3.12/site-packages/foundation/component/io_expander/pin/__init__.py
/workspaces/main-catbot/install/foundation/lib/python3.12/site-packages/foundation/component/io_expander/pin/interrupt_pin.py
/workspaces/main-catbot/install/foundation/lib/python3.12/site-packages/foundation/component/muscle/pneumatics/__init__.py
/workspaces/main-catbot/install/foundation/lib/python3.12/site-packages/foundation/component/muscle/pneumatics/valve/__init__.py
/workspaces/main-catbot/install/foundation/lib/python3.12/site-packages/foundation/component/muscle/pneumatics/valve/valve.py
/workspaces/main-catbot/install/foundation/lib/python3.12/site-packages/foundation/component/muscle/pneumatics/pressure/pressure.py
/workspaces/main-catbot/install/foundation/lib/python3.12/site-packages/foundation/component/muscle/pneumatics/pressure/__init__.py
/workspaces/main-catbot/install/foundation/lib/python3.12/site-packages/foundation/state_management/generic_devices/generic_devices.py
/workspaces/main-catbot/install/foundation/lib/python3.12/site-packages/foundation/state_management/generic_devices/__init__.py
/workspaces/main-catbot/install/foundation/lib/python3.12/site-packages/foundation/state_management/utils/deviceMock.py
/workspaces/main-catbot/install/foundation/lib/python3.12/site-packages/foundation/state_management/utils/interval.py
/workspaces/main-catbot/install/foundation/lib/python3.12/site-packages/foundation/state_management/utils/util.py
/workspaces/main-catbot/install/foundation/lib/python3.12/site-packages/foundation/state_management/utils/cpu.py
/workspaces/main-catbot/install/foundation/lib/python3.12/site-packages/foundation/state_management/utils/__init__.py
/workspaces/main-catbot/install/foundation/lib/python3.12/site-packages/foundation/state_management/utils/logger.py
/workspaces/main-catbot/install/foundation/lib/python3.12/site-packages/foundation/__pycache__/__init__.cpython-312.pyc
/workspaces/main-catbot/install/foundation/lib/python3.12/site-packages/foundation/__pycache__/main.cpython-312.pyc
/workspaces/main-catbot/install/foundation/lib/python3.12/site-packages/foundation/component/__pycache__/__init__.cpython-312.pyc
/workspaces/main-catbot/install/foundation/lib/python3.12/site-packages/foundation/samples/__pycache__/__init__.cpython-312.pyc
/workspaces/main-catbot/install/foundation/lib/python3.12/site-packages/foundation/samples/__pycache__/stop_motor.cpython-312.pyc
/workspaces/main-catbot/install/foundation/lib/python3.12/site-packages/foundation/samples/__pycache__/latch_logic_test.cpython-312.pyc
/workspaces/main-catbot/install/foundation/lib/python3.12/site-packages/foundation/state_management/__pycache__/__init__.cpython-312.pyc
/workspaces/main-catbot/install/foundation/lib/python3.12/site-packages/foundation/state_management/__pycache__/_device.cpython-312.pyc
/workspaces/main-catbot/install/foundation/lib/python3.12/site-packages/foundation/view/__pycache__/__init__.cpython-312.pyc
/workspaces/main-catbot/install/foundation/lib/python3.12/site-packages/foundation/view/__pycache__/pygame.cpython-312.pyc
/workspaces/main-catbot/install/foundation/lib/python3.12/site-packages/foundation/component/potentiometer/__pycache__/potentiometer.cpython-312.pyc
/workspaces/main-catbot/install/foundation/lib/python3.12/site-packages/foundation/component/potentiometer/__pycache__/__init__.cpython-312.pyc
/workspaces/main-catbot/install/foundation/lib/python3.12/site-packages/foundation/component/latch/__pycache__/latch.cpython-312.pyc
/workspaces/main-catbot/install/foundation/lib/python3.12/site-packages/foundation/component/latch/__pycache__/__init__.cpython-312.pyc
/workspaces/main-catbot/install/foundation/lib/python3.12/site-packages/foundation/component/compressor/__pycache__/__init__.cpython-312.pyc
/workspaces/main-catbot/install/foundation/lib/python3.12/site-packages/foundation/component/compressor/__pycache__/compressor.cpython-312.pyc
/workspaces/main-catbot/install/foundation/lib/python3.12/site-packages/foundation/component/limit_switch/__pycache__/__init__.cpython-312.pyc
/workspaces/main-catbot/install/foundation/lib/python3.12/site-packages/foundation/component/limit_switch/__pycache__/switch.cpython-312.pyc
/workspaces/main-catbot/install/foundation/lib/python3.12/site-packages/foundation/component/smbus/__pycache__/smbus.cpython-312.pyc
/workspaces/main-catbot/install/foundation/lib/python3.12/site-packages/foundation/component/smbus/__pycache__/__init__.cpython-312.pyc
/workspaces/main-catbot/install/foundation/lib/python3.12/site-packages/foundation/component/motor/__pycache__/motor.cpython-312.pyc
/workspaces/main-catbot/install/foundation/lib/python3.12/site-packages/foundation/component/motor/__pycache__/__init__.cpython-312.pyc
/workspaces/main-catbot/install/foundation/lib/python3.12/site-packages/foundation/component/motor/__pycache__/raw_motor.cpython-312.pyc
/workspaces/main-catbot/install/foundation/lib/python3.12/site-packages/foundation/component/adc/__pycache__/__init__.cpython-312.pyc
/workspaces/main-catbot/install/foundation/lib/python3.12/site-packages/foundation/component/adc/__pycache__/adc.cpython-312.pyc
/workspaces/main-catbot/install/foundation/lib/python3.12/site-packages/foundation/component/io_expander/__pycache__/io_expander.cpython-312.pyc
/workspaces/main-catbot/install/foundation/lib/python3.12/site-packages/foundation/component/io_expander/__pycache__/__init__.cpython-312.pyc
/workspaces/main-catbot/install/foundation/lib/python3.12/site-packages/foundation/component/muscle/__pycache__/__init__.cpython-312.pyc
/workspaces/main-catbot/install/foundation/lib/python3.12/site-packages/foundation/component/muscle/__pycache__/muscle.cpython-312.pyc
/workspaces/main-catbot/install/foundation/lib/python3.12/site-packages/foundation/component/latch/pin/__pycache__/pin.cpython-312.pyc
/workspaces/main-catbot/install/foundation/lib/python3.12/site-packages/foundation/component/latch/pin/__pycache__/__init__.cpython-312.pyc
/workspaces/main-catbot/install/foundation/lib/python3.12/site-packages/foundation/component/motor/pin/__pycache__/speed_pin.cpython-312.pyc
/workspaces/main-catbot/install/foundation/lib/python3.12/site-packages/foundation/component/motor/pin/__pycache__/__init__.cpython-312.pyc
/workspaces/main-catbot/install/foundation/lib/python3.12/site-packages/foundation/component/motor/pin/__pycache__/step_pin.cpython-312.pyc
/workspaces/main-catbot/install/foundation/lib/python3.12/site-packages/foundation/component/io_expander/pin/__pycache__/__init__.cpython-312.pyc
/workspaces/main-catbot/install/foundation/lib/python3.12/site-packages/foundation/component/io_expander/pin/__pycache__/interrupt_pin.cpython-312.pyc
/workspaces/main-catbot/install/foundation/lib/python3.12/site-packages/foundation/component/muscle/pneumatics/__pycache__/__init__.cpython-312.pyc
/workspaces/main-catbot/install/foundation/lib/python3.12/site-packages/foundation/component/muscle/pneumatics/valve/__pycache__/__init__.cpython-312.pyc
/workspaces/main-catbot/install/foundation/lib/python3.12/site-packages/foundation/component/muscle/pneumatics/valve/__pycache__/valve.cpython-312.pyc
/workspaces/main-catbot/install/foundation/lib/python3.12/site-packages/foundation/component/muscle/pneumatics/pressure/__pycache__/pressure.cpython-312.pyc
/workspaces/main-catbot/install/foundation/lib/python3.12/site-packages/foundation/component/muscle/pneumatics/pressure/__pycache__/__init__.cpython-312.pyc
/workspaces/main-catbot/install/foundation/lib/python3.12/site-packages/foundation/state_management/generic_devices/__pycache__/generic_devices.cpython-312.pyc
/workspaces/main-catbot/install/foundation/lib/python3.12/site-packages/foundation/state_management/generic_devices/__pycache__/__init__.cpython-312.pyc
/workspaces/main-catbot/install/foundation/lib/python3.12/site-packages/foundation/state_management/utils/__pycache__/deviceMock.cpython-312.pyc
/workspaces/main-catbot/install/foundation/lib/python3.12/site-packages/foundation/state_management/utils/__pycache__/interval.cpython-312.pyc
/workspaces/main-catbot/install/foundation/lib/python3.12/site-packages/foundation/state_management/utils/__pycache__/util.cpython-312.pyc
/workspaces/main-catbot/install/foundation/lib/python3.12/site-packages/foundation/state_management/utils/__pycache__/cpu.cpython-312.pyc
/workspaces/main-catbot/install/foundation/lib/python3.12/site-packages/foundation/state_management/utils/__pycache__/__init__.cpython-312.pyc
/workspaces/main-catbot/install/foundation/lib/python3.12/site-packages/foundation/state_management/utils/__pycache__/logger.cpython-312.pyc
/workspaces/main-catbot/install/foundation/share/ament_index/resource_index/packages/foundation
/workspaces/main-catbot/install/foundation/share/foundation/package.xml
/workspaces/main-catbot/install/foundation/lib/python3.12/site-packages/foundation-0.0.0-py3.12.egg-info/PKG-INFO
/workspaces/main-catbot/install/foundation/lib/python3.12/site-packages/foundation-0.0.0-py3.12.egg-info/zip-safe
/workspaces/main-catbot/install/foundation/lib/python3.12/site-packages/foundation-0.0.0-py3.12.egg-info/SOURCES.txt
/workspaces/main-catbot/install/foundation/lib/python3.12/site-packages/foundation-0.0.0-py3.12.egg-info/requires.txt
/workspaces/main-catbot/install/foundation/lib/python3.12/site-packages/foundation-0.0.0-py3.12.egg-info/top_level.txt
/workspaces/main-catbot/install/foundation/lib/python3.12/site-packages/foundation-0.0.0-py3.12.egg-info/dependency_links.txt
