running egg_info
creating ../../build/foundation/foundation.egg-info
writing ../../build/foundation/foundation.egg-info/PKG-INFO
writing dependency_links to ../../build/foundation/foundation.egg-info/dependency_links.txt
writing requirements to ../../build/foundation/foundation.egg-info/requires.txt
writing top-level names to ../../build/foundation/foundation.egg-info/top_level.txt
writing manifest file '../../build/foundation/foundation.egg-info/SOURCES.txt'
reading manifest file '../../build/foundation/foundation.egg-info/SOURCES.txt'
writing manifest file '../../build/foundation/foundation.egg-info/SOURCES.txt'
running build
running build_py
creating /workspaces/main-catbot/build/foundation/build
creating /workspaces/main-catbot/build/foundation/build/lib
creating /workspaces/main-catbot/build/foundation/build/lib/foundation
copying foundation/__init__.py -> /workspaces/main-catbot/build/foundation/build/lib/foundation
copying foundation/main.py -> /workspaces/main-catbot/build/foundation/build/lib/foundation
creating /workspaces/main-catbot/build/foundation/build/lib/foundation/component
copying foundation/component/__init__.py -> /workspaces/main-catbot/build/foundation/build/lib/foundation/component
creating /workspaces/main-catbot/build/foundation/build/lib/foundation/samples
copying foundation/samples/__init__.py -> /workspaces/main-catbot/build/foundation/build/lib/foundation/samples
copying foundation/samples/stop_motor.py -> /workspaces/main-catbot/build/foundation/build/lib/foundation/samples
copying foundation/samples/latch_logic_test.py -> /workspaces/main-catbot/build/foundation/build/lib/foundation/samples
creating /workspaces/main-catbot/build/foundation/build/lib/foundation/state_management
copying foundation/state_management/__init__.py -> /workspaces/main-catbot/build/foundation/build/lib/foundation/state_management
copying foundation/state_management/_device.py -> /workspaces/main-catbot/build/foundation/build/lib/foundation/state_management
creating /workspaces/main-catbot/build/foundation/build/lib/foundation/view
copying foundation/view/__init__.py -> /workspaces/main-catbot/build/foundation/build/lib/foundation/view
copying foundation/view/pygame.py -> /workspaces/main-catbot/build/foundation/build/lib/foundation/view
creating /workspaces/main-catbot/build/foundation/build/lib/foundation/component/potentiometer
copying foundation/component/potentiometer/potentiometer.py -> /workspaces/main-catbot/build/foundation/build/lib/foundation/component/potentiometer
copying foundation/component/potentiometer/__init__.py -> /workspaces/main-catbot/build/foundation/build/lib/foundation/component/potentiometer
creating /workspaces/main-catbot/build/foundation/build/lib/foundation/component/latch
copying foundation/component/latch/latch.py -> /workspaces/main-catbot/build/foundation/build/lib/foundation/component/latch
copying foundation/component/latch/__init__.py -> /workspaces/main-catbot/build/foundation/build/lib/foundation/component/latch
creating /workspaces/main-catbot/build/foundation/build/lib/foundation/component/compressor
copying foundation/component/compressor/__init__.py -> /workspaces/main-catbot/build/foundation/build/lib/foundation/component/compressor
copying foundation/component/compressor/compressor.py -> /workspaces/main-catbot/build/foundation/build/lib/foundation/component/compressor
creating /workspaces/main-catbot/build/foundation/build/lib/foundation/component/limit_switch
copying foundation/component/limit_switch/__init__.py -> /workspaces/main-catbot/build/foundation/build/lib/foundation/component/limit_switch
copying foundation/component/limit_switch/switch.py -> /workspaces/main-catbot/build/foundation/build/lib/foundation/component/limit_switch
creating /workspaces/main-catbot/build/foundation/build/lib/foundation/component/smbus
copying foundation/component/smbus/smbus.py -> /workspaces/main-catbot/build/foundation/build/lib/foundation/component/smbus
copying foundation/component/smbus/__init__.py -> /workspaces/main-catbot/build/foundation/build/lib/foundation/component/smbus
creating /workspaces/main-catbot/build/foundation/build/lib/foundation/component/motor
copying foundation/component/motor/motor.py -> /workspaces/main-catbot/build/foundation/build/lib/foundation/component/motor
copying foundation/component/motor/__init__.py -> /workspaces/main-catbot/build/foundation/build/lib/foundation/component/motor
copying foundation/component/motor/raw_motor.py -> /workspaces/main-catbot/build/foundation/build/lib/foundation/component/motor
creating /workspaces/main-catbot/build/foundation/build/lib/foundation/component/adc
copying foundation/component/adc/__init__.py -> /workspaces/main-catbot/build/foundation/build/lib/foundation/component/adc
copying foundation/component/adc/adc.py -> /workspaces/main-catbot/build/foundation/build/lib/foundation/component/adc
creating /workspaces/main-catbot/build/foundation/build/lib/foundation/component/io_expander
copying foundation/component/io_expander/io_expander.py -> /workspaces/main-catbot/build/foundation/build/lib/foundation/component/io_expander
copying foundation/component/io_expander/__init__.py -> /workspaces/main-catbot/build/foundation/build/lib/foundation/component/io_expander
creating /workspaces/main-catbot/build/foundation/build/lib/foundation/component/muscle
copying foundation/component/muscle/__init__.py -> /workspaces/main-catbot/build/foundation/build/lib/foundation/component/muscle
copying foundation/component/muscle/muscle.py -> /workspaces/main-catbot/build/foundation/build/lib/foundation/component/muscle
creating /workspaces/main-catbot/build/foundation/build/lib/foundation/component/latch/pin
copying foundation/component/latch/pin/pin.py -> /workspaces/main-catbot/build/foundation/build/lib/foundation/component/latch/pin
copying foundation/component/latch/pin/__init__.py -> /workspaces/main-catbot/build/foundation/build/lib/foundation/component/latch/pin
creating /workspaces/main-catbot/build/foundation/build/lib/foundation/component/motor/pin
copying foundation/component/motor/pin/speed_pin.py -> /workspaces/main-catbot/build/foundation/build/lib/foundation/component/motor/pin
copying foundation/component/motor/pin/__init__.py -> /workspaces/main-catbot/build/foundation/build/lib/foundation/component/motor/pin
copying foundation/component/motor/pin/step_pin.py -> /workspaces/main-catbot/build/foundation/build/lib/foundation/component/motor/pin
creating /workspaces/main-catbot/build/foundation/build/lib/foundation/component/io_expander/pin
copying foundation/component/io_expander/pin/__init__.py -> /workspaces/main-catbot/build/foundation/build/lib/foundation/component/io_expander/pin
copying foundation/component/io_expander/pin/interrupt_pin.py -> /workspaces/main-catbot/build/foundation/build/lib/foundation/component/io_expander/pin
creating /workspaces/main-catbot/build/foundation/build/lib/foundation/component/muscle/pneumatics
copying foundation/component/muscle/pneumatics/__init__.py -> /workspaces/main-catbot/build/foundation/build/lib/foundation/component/muscle/pneumatics
creating /workspaces/main-catbot/build/foundation/build/lib/foundation/component/muscle/pneumatics/valve
copying foundation/component/muscle/pneumatics/valve/__init__.py -> /workspaces/main-catbot/build/foundation/build/lib/foundation/component/muscle/pneumatics/valve
copying foundation/component/muscle/pneumatics/valve/valve.py -> /workspaces/main-catbot/build/foundation/build/lib/foundation/component/muscle/pneumatics/valve
creating /workspaces/main-catbot/build/foundation/build/lib/foundation/component/muscle/pneumatics/pressure
copying foundation/component/muscle/pneumatics/pressure/pressure.py -> /workspaces/main-catbot/build/foundation/build/lib/foundation/component/muscle/pneumatics/pressure
copying foundation/component/muscle/pneumatics/pressure/__init__.py -> /workspaces/main-catbot/build/foundation/build/lib/foundation/component/muscle/pneumatics/pressure
creating /workspaces/main-catbot/build/foundation/build/lib/foundation/state_management/generic_devices
copying foundation/state_management/generic_devices/generic_devices.py -> /workspaces/main-catbot/build/foundation/build/lib/foundation/state_management/generic_devices
copying foundation/state_management/generic_devices/__init__.py -> /workspaces/main-catbot/build/foundation/build/lib/foundation/state_management/generic_devices
creating /workspaces/main-catbot/build/foundation/build/lib/foundation/state_management/utils
copying foundation/state_management/utils/deviceMock.py -> /workspaces/main-catbot/build/foundation/build/lib/foundation/state_management/utils
copying foundation/state_management/utils/interval.py -> /workspaces/main-catbot/build/foundation/build/lib/foundation/state_management/utils
copying foundation/state_management/utils/util.py -> /workspaces/main-catbot/build/foundation/build/lib/foundation/state_management/utils
copying foundation/state_management/utils/cpu.py -> /workspaces/main-catbot/build/foundation/build/lib/foundation/state_management/utils
copying foundation/state_management/utils/__init__.py -> /workspaces/main-catbot/build/foundation/build/lib/foundation/state_management/utils
copying foundation/state_management/utils/logger.py -> /workspaces/main-catbot/build/foundation/build/lib/foundation/state_management/utils
running install
running install_lib
creating /workspaces/main-catbot/install/foundation/lib/python3.12/site-packages/foundation
copying /workspaces/main-catbot/build/foundation/build/lib/foundation/__init__.py -> /workspaces/main-catbot/install/foundation/lib/python3.12/site-packages/foundation
creating /workspaces/main-catbot/install/foundation/lib/python3.12/site-packages/foundation/component
creating /workspaces/main-catbot/install/foundation/lib/python3.12/site-packages/foundation/component/potentiometer
copying /workspaces/main-catbot/build/foundation/build/lib/foundation/component/potentiometer/potentiometer.py -> /workspaces/main-catbot/install/foundation/lib/python3.12/site-packages/foundation/component/potentiometer
copying /workspaces/main-catbot/build/foundation/build/lib/foundation/component/potentiometer/__init__.py -> /workspaces/main-catbot/install/foundation/lib/python3.12/site-packages/foundation/component/potentiometer
creating /workspaces/main-catbot/install/foundation/lib/python3.12/site-packages/foundation/component/latch
creating /workspaces/main-catbot/install/foundation/lib/python3.12/site-packages/foundation/component/latch/pin
copying /workspaces/main-catbot/build/foundation/build/lib/foundation/component/latch/pin/pin.py -> /workspaces/main-catbot/install/foundation/lib/python3.12/site-packages/foundation/component/latch/pin
copying /workspaces/main-catbot/build/foundation/build/lib/foundation/component/latch/pin/__init__.py -> /workspaces/main-catbot/install/foundation/lib/python3.12/site-packages/foundation/component/latch/pin
copying /workspaces/main-catbot/build/foundation/build/lib/foundation/component/latch/latch.py -> /workspaces/main-catbot/install/foundation/lib/python3.12/site-packages/foundation/component/latch
copying /workspaces/main-catbot/build/foundation/build/lib/foundation/component/latch/__init__.py -> /workspaces/main-catbot/install/foundation/lib/python3.12/site-packages/foundation/component/latch
creating /workspaces/main-catbot/install/foundation/lib/python3.12/site-packages/foundation/component/compressor
copying /workspaces/main-catbot/build/foundation/build/lib/foundation/component/compressor/__init__.py -> /workspaces/main-catbot/install/foundation/lib/python3.12/site-packages/foundation/component/compressor
copying /workspaces/main-catbot/build/foundation/build/lib/foundation/component/compressor/compressor.py -> /workspaces/main-catbot/install/foundation/lib/python3.12/site-packages/foundation/component/compressor
copying /workspaces/main-catbot/build/foundation/build/lib/foundation/component/__init__.py -> /workspaces/main-catbot/install/foundation/lib/python3.12/site-packages/foundation/component
creating /workspaces/main-catbot/install/foundation/lib/python3.12/site-packages/foundation/component/limit_switch
copying /workspaces/main-catbot/build/foundation/build/lib/foundation/component/limit_switch/__init__.py -> /workspaces/main-catbot/install/foundation/lib/python3.12/site-packages/foundation/component/limit_switch
copying /workspaces/main-catbot/build/foundation/build/lib/foundation/component/limit_switch/switch.py -> /workspaces/main-catbot/install/foundation/lib/python3.12/site-packages/foundation/component/limit_switch
creating /workspaces/main-catbot/install/foundation/lib/python3.12/site-packages/foundation/component/smbus
copying /workspaces/main-catbot/build/foundation/build/lib/foundation/component/smbus/smbus.py -> /workspaces/main-catbot/install/foundation/lib/python3.12/site-packages/foundation/component/smbus
copying /workspaces/main-catbot/build/foundation/build/lib/foundation/component/smbus/__init__.py -> /workspaces/main-catbot/install/foundation/lib/python3.12/site-packages/foundation/component/smbus
creating /workspaces/main-catbot/install/foundation/lib/python3.12/site-packages/foundation/component/motor
creating /workspaces/main-catbot/install/foundation/lib/python3.12/site-packages/foundation/component/motor/pin
copying /workspaces/main-catbot/build/foundation/build/lib/foundation/component/motor/pin/speed_pin.py -> /workspaces/main-catbot/install/foundation/lib/python3.12/site-packages/foundation/component/motor/pin
copying /workspaces/main-catbot/build/foundation/build/lib/foundation/component/motor/pin/__init__.py -> /workspaces/main-catbot/install/foundation/lib/python3.12/site-packages/foundation/component/motor/pin
copying /workspaces/main-catbot/build/foundation/build/lib/foundation/component/motor/pin/step_pin.py -> /workspaces/main-catbot/install/foundation/lib/python3.12/site-packages/foundation/component/motor/pin
copying /workspaces/main-catbot/build/foundation/build/lib/foundation/component/motor/motor.py -> /workspaces/main-catbot/install/foundation/lib/python3.12/site-packages/foundation/component/motor
copying /workspaces/main-catbot/build/foundation/build/lib/foundation/component/motor/__init__.py -> /workspaces/main-catbot/install/foundation/lib/python3.12/site-packages/foundation/component/motor
copying /workspaces/main-catbot/build/foundation/build/lib/foundation/component/motor/raw_motor.py -> /workspaces/main-catbot/install/foundation/lib/python3.12/site-packages/foundation/component/motor
creating /workspaces/main-catbot/install/foundation/lib/python3.12/site-packages/foundation/component/adc
copying /workspaces/main-catbot/build/foundation/build/lib/foundation/component/adc/__init__.py -> /workspaces/main-catbot/install/foundation/lib/python3.12/site-packages/foundation/component/adc
copying /workspaces/main-catbot/build/foundation/build/lib/foundation/component/adc/adc.py -> /workspaces/main-catbot/install/foundation/lib/python3.12/site-packages/foundation/component/adc
creating /workspaces/main-catbot/install/foundation/lib/python3.12/site-packages/foundation/component/io_expander
creating /workspaces/main-catbot/install/foundation/lib/python3.12/site-packages/foundation/component/io_expander/pin
copying /workspaces/main-catbot/build/foundation/build/lib/foundation/component/io_expander/pin/__init__.py -> /workspaces/main-catbot/install/foundation/lib/python3.12/site-packages/foundation/component/io_expander/pin
copying /workspaces/main-catbot/build/foundation/build/lib/foundation/component/io_expander/pin/interrupt_pin.py -> /workspaces/main-catbot/install/foundation/lib/python3.12/site-packages/foundation/component/io_expander/pin
copying /workspaces/main-catbot/build/foundation/build/lib/foundation/component/io_expander/io_expander.py -> /workspaces/main-catbot/install/foundation/lib/python3.12/site-packages/foundation/component/io_expander
copying /workspaces/main-catbot/build/foundation/build/lib/foundation/component/io_expander/__init__.py -> /workspaces/main-catbot/install/foundation/lib/python3.12/site-packages/foundation/component/io_expander
creating /workspaces/main-catbot/install/foundation/lib/python3.12/site-packages/foundation/component/muscle
copying /workspaces/main-catbot/build/foundation/build/lib/foundation/component/muscle/__init__.py -> /workspaces/main-catbot/install/foundation/lib/python3.12/site-packages/foundation/component/muscle
creating /workspaces/main-catbot/install/foundation/lib/python3.12/site-packages/foundation/component/muscle/pneumatics
creating /workspaces/main-catbot/install/foundation/lib/python3.12/site-packages/foundation/component/muscle/pneumatics/valve
copying /workspaces/main-catbot/build/foundation/build/lib/foundation/component/muscle/pneumatics/valve/__init__.py -> /workspaces/main-catbot/install/foundation/lib/python3.12/site-packages/foundation/component/muscle/pneumatics/valve
copying /workspaces/main-catbot/build/foundation/build/lib/foundation/component/muscle/pneumatics/valve/valve.py -> /workspaces/main-catbot/install/foundation/lib/python3.12/site-packages/foundation/component/muscle/pneumatics/valve
copying /workspaces/main-catbot/build/foundation/build/lib/foundation/component/muscle/pneumatics/__init__.py -> /workspaces/main-catbot/install/foundation/lib/python3.12/site-packages/foundation/component/muscle/pneumatics
creating /workspaces/main-catbot/install/foundation/lib/python3.12/site-packages/foundation/component/muscle/pneumatics/pressure
copying /workspaces/main-catbot/build/foundation/build/lib/foundation/component/muscle/pneumatics/pressure/pressure.py -> /workspaces/main-catbot/install/foundation/lib/python3.12/site-packages/foundation/component/muscle/pneumatics/pressure
copying /workspaces/main-catbot/build/foundation/build/lib/foundation/component/muscle/pneumatics/pressure/__init__.py -> /workspaces/main-catbot/install/foundation/lib/python3.12/site-packages/foundation/component/muscle/pneumatics/pressure
copying /workspaces/main-catbot/build/foundation/build/lib/foundation/component/muscle/muscle.py -> /workspaces/main-catbot/install/foundation/lib/python3.12/site-packages/foundation/component/muscle
creating /workspaces/main-catbot/install/foundation/lib/python3.12/site-packages/foundation/samples
copying /workspaces/main-catbot/build/foundation/build/lib/foundation/samples/__init__.py -> /workspaces/main-catbot/install/foundation/lib/python3.12/site-packages/foundation/samples
copying /workspaces/main-catbot/build/foundation/build/lib/foundation/samples/stop_motor.py -> /workspaces/main-catbot/install/foundation/lib/python3.12/site-packages/foundation/samples
copying /workspaces/main-catbot/build/foundation/build/lib/foundation/samples/latch_logic_test.py -> /workspaces/main-catbot/install/foundation/lib/python3.12/site-packages/foundation/samples
creating /workspaces/main-catbot/install/foundation/lib/python3.12/site-packages/foundation/state_management
creating /workspaces/main-catbot/install/foundation/lib/python3.12/site-packages/foundation/state_management/generic_devices
copying /workspaces/main-catbot/build/foundation/build/lib/foundation/state_management/generic_devices/generic_devices.py -> /workspaces/main-catbot/install/foundation/lib/python3.12/site-packages/foundation/state_management/generic_devices
copying /workspaces/main-catbot/build/foundation/build/lib/foundation/state_management/generic_devices/__init__.py -> /workspaces/main-catbot/install/foundation/lib/python3.12/site-packages/foundation/state_management/generic_devices
copying /workspaces/main-catbot/build/foundation/build/lib/foundation/state_management/__init__.py -> /workspaces/main-catbot/install/foundation/lib/python3.12/site-packages/foundation/state_management
creating /workspaces/main-catbot/install/foundation/lib/python3.12/site-packages/foundation/state_management/utils
copying /workspaces/main-catbot/build/foundation/build/lib/foundation/state_management/utils/deviceMock.py -> /workspaces/main-catbot/install/foundation/lib/python3.12/site-packages/foundation/state_management/utils
copying /workspaces/main-catbot/build/foundation/build/lib/foundation/state_management/utils/interval.py -> /workspaces/main-catbot/install/foundation/lib/python3.12/site-packages/foundation/state_management/utils
copying /workspaces/main-catbot/build/foundation/build/lib/foundation/state_management/utils/util.py -> /workspaces/main-catbot/install/foundation/lib/python3.12/site-packages/foundation/state_management/utils
copying /workspaces/main-catbot/build/foundation/build/lib/foundation/state_management/utils/cpu.py -> /workspaces/main-catbot/install/foundation/lib/python3.12/site-packages/foundation/state_management/utils
copying /workspaces/main-catbot/build/foundation/build/lib/foundation/state_management/utils/__init__.py -> /workspaces/main-catbot/install/foundation/lib/python3.12/site-packages/foundation/state_management/utils
copying /workspaces/main-catbot/build/foundation/build/lib/foundation/state_management/utils/logger.py -> /workspaces/main-catbot/install/foundation/lib/python3.12/site-packages/foundation/state_management/utils
copying /workspaces/main-catbot/build/foundation/build/lib/foundation/state_management/_device.py -> /workspaces/main-catbot/install/foundation/lib/python3.12/site-packages/foundation/state_management
creating /workspaces/main-catbot/install/foundation/lib/python3.12/site-packages/foundation/view
copying /workspaces/main-catbot/build/foundation/build/lib/foundation/view/__init__.py -> /workspaces/main-catbot/install/foundation/lib/python3.12/site-packages/foundation/view
copying /workspaces/main-catbot/build/foundation/build/lib/foundation/view/pygame.py -> /workspaces/main-catbot/install/foundation/lib/python3.12/site-packages/foundation/view
copying /workspaces/main-catbot/build/foundation/build/lib/foundation/main.py -> /workspaces/main-catbot/install/foundation/lib/python3.12/site-packages/foundation
byte-compiling /workspaces/main-catbot/install/foundation/lib/python3.12/site-packages/foundation/__init__.py to __init__.cpython-312.pyc
byte-compiling /workspaces/main-catbot/install/foundation/lib/python3.12/site-packages/foundation/component/potentiometer/potentiometer.py to potentiometer.cpython-312.pyc
byte-compiling /workspaces/main-catbot/install/foundation/lib/python3.12/site-packages/foundation/component/potentiometer/__init__.py to __init__.cpython-312.pyc
byte-compiling /workspaces/main-catbot/install/foundation/lib/python3.12/site-packages/foundation/component/latch/pin/pin.py to pin.cpython-312.pyc
byte-compiling /workspaces/main-catbot/install/foundation/lib/python3.12/site-packages/foundation/component/latch/pin/__init__.py to __init__.cpython-312.pyc
byte-compiling /workspaces/main-catbot/install/foundation/lib/python3.12/site-packages/foundation/component/latch/latch.py to latch.cpython-312.pyc
byte-compiling /workspaces/main-catbot/install/foundation/lib/python3.12/site-packages/foundation/component/latch/__init__.py to __init__.cpython-312.pyc
byte-compiling /workspaces/main-catbot/install/foundation/lib/python3.12/site-packages/foundation/component/compressor/__init__.py to __init__.cpython-312.pyc
byte-compiling /workspaces/main-catbot/install/foundation/lib/python3.12/site-packages/foundation/component/compressor/compressor.py to compressor.cpython-312.pyc
byte-compiling /workspaces/main-catbot/install/foundation/lib/python3.12/site-packages/foundation/component/__init__.py to __init__.cpython-312.pyc
byte-compiling /workspaces/main-catbot/install/foundation/lib/python3.12/site-packages/foundation/component/limit_switch/__init__.py to __init__.cpython-312.pyc
byte-compiling /workspaces/main-catbot/install/foundation/lib/python3.12/site-packages/foundation/component/limit_switch/switch.py to switch.cpython-312.pyc
byte-compiling /workspaces/main-catbot/install/foundation/lib/python3.12/site-packages/foundation/component/smbus/smbus.py to smbus.cpython-312.pyc
byte-compiling /workspaces/main-catbot/install/foundation/lib/python3.12/site-packages/foundation/component/smbus/__init__.py to __init__.cpython-312.pyc
byte-compiling /workspaces/main-catbot/install/foundation/lib/python3.12/site-packages/foundation/component/motor/pin/speed_pin.py to speed_pin.cpython-312.pyc
byte-compiling /workspaces/main-catbot/install/foundation/lib/python3.12/site-packages/foundation/component/motor/pin/__init__.py to __init__.cpython-312.pyc
byte-compiling /workspaces/main-catbot/install/foundation/lib/python3.12/site-packages/foundation/component/motor/pin/step_pin.py to step_pin.cpython-312.pyc
byte-compiling /workspaces/main-catbot/install/foundation/lib/python3.12/site-packages/foundation/component/motor/motor.py to motor.cpython-312.pyc
byte-compiling /workspaces/main-catbot/install/foundation/lib/python3.12/site-packages/foundation/component/motor/__init__.py to __init__.cpython-312.pyc
byte-compiling /workspaces/main-catbot/install/foundation/lib/python3.12/site-packages/foundation/component/motor/raw_motor.py to raw_motor.cpython-312.pyc
byte-compiling /workspaces/main-catbot/install/foundation/lib/python3.12/site-packages/foundation/component/adc/__init__.py to __init__.cpython-312.pyc
byte-compiling /workspaces/main-catbot/install/foundation/lib/python3.12/site-packages/foundation/component/adc/adc.py to adc.cpython-312.pyc
byte-compiling /workspaces/main-catbot/install/foundation/lib/python3.12/site-packages/foundation/component/io_expander/pin/__init__.py to __init__.cpython-312.pyc
byte-compiling /workspaces/main-catbot/install/foundation/lib/python3.12/site-packages/foundation/component/io_expander/pin/interrupt_pin.py to interrupt_pin.cpython-312.pyc
byte-compiling /workspaces/main-catbot/install/foundation/lib/python3.12/site-packages/foundation/component/io_expander/io_expander.py to io_expander.cpython-312.pyc
byte-compiling /workspaces/main-catbot/install/foundation/lib/python3.12/site-packages/foundation/component/io_expander/__init__.py to __init__.cpython-312.pyc
byte-compiling /workspaces/main-catbot/install/foundation/lib/python3.12/site-packages/foundation/component/muscle/__init__.py to __init__.cpython-312.pyc
byte-compiling /workspaces/main-catbot/install/foundation/lib/python3.12/site-packages/foundation/component/muscle/pneumatics/valve/__init__.py to __init__.cpython-312.pyc
byte-compiling /workspaces/main-catbot/install/foundation/lib/python3.12/site-packages/foundation/component/muscle/pneumatics/valve/valve.py to valve.cpython-312.pyc
byte-compiling /workspaces/main-catbot/install/foundation/lib/python3.12/site-packages/foundation/component/muscle/pneumatics/__init__.py to __init__.cpython-312.pyc
byte-compiling /workspaces/main-catbot/install/foundation/lib/python3.12/site-packages/foundation/component/muscle/pneumatics/pressure/pressure.py to pressure.cpython-312.pyc
byte-compiling /workspaces/main-catbot/install/foundation/lib/python3.12/site-packages/foundation/component/muscle/pneumatics/pressure/__init__.py to __init__.cpython-312.pyc
byte-compiling /workspaces/main-catbot/install/foundation/lib/python3.12/site-packages/foundation/component/muscle/muscle.py to muscle.cpython-312.pyc
byte-compiling /workspaces/main-catbot/install/foundation/lib/python3.12/site-packages/foundation/samples/__init__.py to __init__.cpython-312.pyc
byte-compiling /workspaces/main-catbot/install/foundation/lib/python3.12/site-packages/foundation/samples/stop_motor.py to stop_motor.cpython-312.pyc
byte-compiling /workspaces/main-catbot/install/foundation/lib/python3.12/site-packages/foundation/samples/latch_logic_test.py to latch_logic_test.cpython-312.pyc
byte-compiling /workspaces/main-catbot/install/foundation/lib/python3.12/site-packages/foundation/state_management/generic_devices/generic_devices.py to generic_devices.cpython-312.pyc
byte-compiling /workspaces/main-catbot/install/foundation/lib/python3.12/site-packages/foundation/state_management/generic_devices/__init__.py to __init__.cpython-312.pyc
byte-compiling /workspaces/main-catbot/install/foundation/lib/python3.12/site-packages/foundation/state_management/__init__.py to __init__.cpython-312.pyc
byte-compiling /workspaces/main-catbot/install/foundation/lib/python3.12/site-packages/foundation/state_management/utils/deviceMock.py to deviceMock.cpython-312.pyc
byte-compiling /workspaces/main-catbot/install/foundation/lib/python3.12/site-packages/foundation/state_management/utils/interval.py to interval.cpython-312.pyc
byte-compiling /workspaces/main-catbot/install/foundation/lib/python3.12/site-packages/foundation/state_management/utils/util.py to util.cpython-312.pyc
byte-compiling /workspaces/main-catbot/install/foundation/lib/python3.12/site-packages/foundation/state_management/utils/cpu.py to cpu.cpython-312.pyc
byte-compiling /workspaces/main-catbot/install/foundation/lib/python3.12/site-packages/foundation/state_management/utils/__init__.py to __init__.cpython-312.pyc
byte-compiling /workspaces/main-catbot/install/foundation/lib/python3.12/site-packages/foundation/state_management/utils/logger.py to logger.cpython-312.pyc
byte-compiling /workspaces/main-catbot/install/foundation/lib/python3.12/site-packages/foundation/state_management/_device.py to _device.cpython-312.pyc
byte-compiling /workspaces/main-catbot/install/foundation/lib/python3.12/site-packages/foundation/view/__init__.py to __init__.cpython-312.pyc
byte-compiling /workspaces/main-catbot/install/foundation/lib/python3.12/site-packages/foundation/view/pygame.py to pygame.cpython-312.pyc
byte-compiling /workspaces/main-catbot/install/foundation/lib/python3.12/site-packages/foundation/main.py to main.cpython-312.pyc
running install_data
creating /workspaces/main-catbot/install/foundation/share/ament_index
creating /workspaces/main-catbot/install/foundation/share/ament_index/resource_index
creating /workspaces/main-catbot/install/foundation/share/ament_index/resource_index/packages
copying resource/foundation -> /workspaces/main-catbot/install/foundation/share/ament_index/resource_index/packages
copying package.xml -> /workspaces/main-catbot/install/foundation/share/foundation
running install_egg_info
Copying ../../build/foundation/foundation.egg-info to /workspaces/main-catbot/install/foundation/lib/python3.12/site-packages/foundation-0.0.0-py3.12.egg-info
running install_scripts
writing list of installed files to '/workspaces/main-catbot/build/foundation/install.log'
