[1.517s] Invoking command in '/workspaces/main-catbot/src/foundation': PYTHONPATH=/workspaces/main-catbot/build/foundation/prefix_override:/usr/lib/python3/dist-packages/colcon_core/task/python/colcon_distutils_commands:/workspaces/main-catbot/install/foundation/lib/python3.12/site-packages:${PYTHONPATH} VIRTUAL_ENV_PROMPT=(.venv) /usr/bin/python3 -W ignore:setup.py install is deprecated setup.py egg_info --egg-base ../../build/foundation build --build-base /workspaces/main-catbot/build/foundation/build install --record /workspaces/main-catbot/build/foundation/install.log --single-version-externally-managed install_data
[1.973s] running egg_info
[1.976s] creating ../../build/foundation/foundation.egg-info
[1.989s] writing ../../build/foundation/foundation.egg-info/PKG-INFO
[1.994s] writing dependency_links to ../../build/foundation/foundation.egg-info/dependency_links.txt
[1.995s] writing requirements to ../../build/foundation/foundation.egg-info/requires.txt
[1.996s] writing top-level names to ../../build/foundation/foundation.egg-info/top_level.txt
[1.998s] writing manifest file '../../build/foundation/foundation.egg-info/SOURCES.txt'
[2.038s] reading manifest file '../../build/foundation/foundation.egg-info/SOURCES.txt'
[2.040s] writing manifest file '../../build/foundation/foundation.egg-info/SOURCES.txt'
[2.041s] running build
[2.041s] running build_py
[2.043s] creating /workspaces/main-catbot/build/foundation/build
[2.043s] creating /workspaces/main-catbot/build/foundation/build/lib
[2.044s] creating /workspaces/main-catbot/build/foundation/build/lib/foundation
[2.045s] copying foundation/__init__.py -> /workspaces/main-catbot/build/foundation/build/lib/foundation
[2.047s] copying foundation/main.py -> /workspaces/main-catbot/build/foundation/build/lib/foundation
[2.049s] creating /workspaces/main-catbot/build/foundation/build/lib/foundation/component
[2.050s] copying foundation/component/__init__.py -> /workspaces/main-catbot/build/foundation/build/lib/foundation/component
[2.052s] creating /workspaces/main-catbot/build/foundation/build/lib/foundation/samples
[2.053s] copying foundation/samples/__init__.py -> /workspaces/main-catbot/build/foundation/build/lib/foundation/samples
[2.054s] copying foundation/samples/stop_motor.py -> /workspaces/main-catbot/build/foundation/build/lib/foundation/samples
[2.056s] copying foundation/samples/latch_logic_test.py -> /workspaces/main-catbot/build/foundation/build/lib/foundation/samples
[2.058s] creating /workspaces/main-catbot/build/foundation/build/lib/foundation/state_management
[2.058s] copying foundation/state_management/__init__.py -> /workspaces/main-catbot/build/foundation/build/lib/foundation/state_management
[2.061s] copying foundation/state_management/_device.py -> /workspaces/main-catbot/build/foundation/build/lib/foundation/state_management
[2.064s] creating /workspaces/main-catbot/build/foundation/build/lib/foundation/view
[2.064s] copying foundation/view/__init__.py -> /workspaces/main-catbot/build/foundation/build/lib/foundation/view
[2.065s] copying foundation/view/pygame.py -> /workspaces/main-catbot/build/foundation/build/lib/foundation/view
[2.067s] creating /workspaces/main-catbot/build/foundation/build/lib/foundation/component/potentiometer
[2.068s] copying foundation/component/potentiometer/potentiometer.py -> /workspaces/main-catbot/build/foundation/build/lib/foundation/component/potentiometer
[2.070s] copying foundation/component/potentiometer/__init__.py -> /workspaces/main-catbot/build/foundation/build/lib/foundation/component/potentiometer
[2.071s] creating /workspaces/main-catbot/build/foundation/build/lib/foundation/component/latch
[2.072s] copying foundation/component/latch/latch.py -> /workspaces/main-catbot/build/foundation/build/lib/foundation/component/latch
[2.073s] copying foundation/component/latch/__init__.py -> /workspaces/main-catbot/build/foundation/build/lib/foundation/component/latch
[2.074s] creating /workspaces/main-catbot/build/foundation/build/lib/foundation/component/compressor
[2.075s] copying foundation/component/compressor/__init__.py -> /workspaces/main-catbot/build/foundation/build/lib/foundation/component/compressor
[2.076s] copying foundation/component/compressor/compressor.py -> /workspaces/main-catbot/build/foundation/build/lib/foundation/component/compressor
[2.078s] creating /workspaces/main-catbot/build/foundation/build/lib/foundation/component/limit_switch
[2.080s] copying foundation/component/limit_switch/__init__.py -> /workspaces/main-catbot/build/foundation/build/lib/foundation/component/limit_switch
[2.081s] copying foundation/component/limit_switch/switch.py -> /workspaces/main-catbot/build/foundation/build/lib/foundation/component/limit_switch
[2.082s] creating /workspaces/main-catbot/build/foundation/build/lib/foundation/component/smbus
[2.083s] copying foundation/component/smbus/smbus.py -> /workspaces/main-catbot/build/foundation/build/lib/foundation/component/smbus
[2.085s] copying foundation/component/smbus/__init__.py -> /workspaces/main-catbot/build/foundation/build/lib/foundation/component/smbus
[2.087s] creating /workspaces/main-catbot/build/foundation/build/lib/foundation/component/motor
[2.088s] copying foundation/component/motor/motor.py -> /workspaces/main-catbot/build/foundation/build/lib/foundation/component/motor
[2.089s] copying foundation/component/motor/__init__.py -> /workspaces/main-catbot/build/foundation/build/lib/foundation/component/motor
[2.090s] copying foundation/component/motor/raw_motor.py -> /workspaces/main-catbot/build/foundation/build/lib/foundation/component/motor
[2.091s] creating /workspaces/main-catbot/build/foundation/build/lib/foundation/component/adc
[2.092s] copying foundation/component/adc/__init__.py -> /workspaces/main-catbot/build/foundation/build/lib/foundation/component/adc
[2.093s] copying foundation/component/adc/adc.py -> /workspaces/main-catbot/build/foundation/build/lib/foundation/component/adc
[2.094s] creating /workspaces/main-catbot/build/foundation/build/lib/foundation/component/io_expander
[2.094s] copying foundation/component/io_expander/io_expander.py -> /workspaces/main-catbot/build/foundation/build/lib/foundation/component/io_expander
[2.096s] copying foundation/component/io_expander/__init__.py -> /workspaces/main-catbot/build/foundation/build/lib/foundation/component/io_expander
[2.099s] creating /workspaces/main-catbot/build/foundation/build/lib/foundation/component/muscle
[2.099s] copying foundation/component/muscle/__init__.py -> /workspaces/main-catbot/build/foundation/build/lib/foundation/component/muscle
[2.100s] copying foundation/component/muscle/muscle.py -> /workspaces/main-catbot/build/foundation/build/lib/foundation/component/muscle
[2.102s] creating /workspaces/main-catbot/build/foundation/build/lib/foundation/component/latch/pin
[2.103s] copying foundation/component/latch/pin/pin.py -> /workspaces/main-catbot/build/foundation/build/lib/foundation/component/latch/pin
[2.105s] copying foundation/component/latch/pin/__init__.py -> /workspaces/main-catbot/build/foundation/build/lib/foundation/component/latch/pin
[2.106s] creating /workspaces/main-catbot/build/foundation/build/lib/foundation/component/motor/pin
[2.107s] copying foundation/component/motor/pin/speed_pin.py -> /workspaces/main-catbot/build/foundation/build/lib/foundation/component/motor/pin
[2.109s] copying foundation/component/motor/pin/__init__.py -> /workspaces/main-catbot/build/foundation/build/lib/foundation/component/motor/pin
[2.110s] copying foundation/component/motor/pin/step_pin.py -> /workspaces/main-catbot/build/foundation/build/lib/foundation/component/motor/pin
[2.112s] creating /workspaces/main-catbot/build/foundation/build/lib/foundation/component/io_expander/pin
[2.112s] copying foundation/component/io_expander/pin/__init__.py -> /workspaces/main-catbot/build/foundation/build/lib/foundation/component/io_expander/pin
[2.114s] copying foundation/component/io_expander/pin/interrupt_pin.py -> /workspaces/main-catbot/build/foundation/build/lib/foundation/component/io_expander/pin
[2.116s] creating /workspaces/main-catbot/build/foundation/build/lib/foundation/component/muscle/pneumatics
[2.117s] copying foundation/component/muscle/pneumatics/__init__.py -> /workspaces/main-catbot/build/foundation/build/lib/foundation/component/muscle/pneumatics
[2.119s] creating /workspaces/main-catbot/build/foundation/build/lib/foundation/component/muscle/pneumatics/valve
[2.120s] copying foundation/component/muscle/pneumatics/valve/__init__.py -> /workspaces/main-catbot/build/foundation/build/lib/foundation/component/muscle/pneumatics/valve
[2.121s] copying foundation/component/muscle/pneumatics/valve/valve.py -> /workspaces/main-catbot/build/foundation/build/lib/foundation/component/muscle/pneumatics/valve
[2.123s] creating /workspaces/main-catbot/build/foundation/build/lib/foundation/component/muscle/pneumatics/pressure
[2.123s] copying foundation/component/muscle/pneumatics/pressure/pressure.py -> /workspaces/main-catbot/build/foundation/build/lib/foundation/component/muscle/pneumatics/pressure
[2.125s] copying foundation/component/muscle/pneumatics/pressure/__init__.py -> /workspaces/main-catbot/build/foundation/build/lib/foundation/component/muscle/pneumatics/pressure
[2.127s] creating /workspaces/main-catbot/build/foundation/build/lib/foundation/state_management/generic_devices
[2.128s] copying foundation/state_management/generic_devices/generic_devices.py -> /workspaces/main-catbot/build/foundation/build/lib/foundation/state_management/generic_devices
[2.130s] copying foundation/state_management/generic_devices/__init__.py -> /workspaces/main-catbot/build/foundation/build/lib/foundation/state_management/generic_devices
[2.135s] creating /workspaces/main-catbot/build/foundation/build/lib/foundation/state_management/utils
[2.136s] copying foundation/state_management/utils/deviceMock.py -> /workspaces/main-catbot/build/foundation/build/lib/foundation/state_management/utils
[2.137s] copying foundation/state_management/utils/interval.py -> /workspaces/main-catbot/build/foundation/build/lib/foundation/state_management/utils
[2.138s] copying foundation/state_management/utils/util.py -> /workspaces/main-catbot/build/foundation/build/lib/foundation/state_management/utils
[2.139s] copying foundation/state_management/utils/cpu.py -> /workspaces/main-catbot/build/foundation/build/lib/foundation/state_management/utils
[2.140s] copying foundation/state_management/utils/__init__.py -> /workspaces/main-catbot/build/foundation/build/lib/foundation/state_management/utils
[2.141s] copying foundation/state_management/utils/logger.py -> /workspaces/main-catbot/build/foundation/build/lib/foundation/state_management/utils
[2.152s] running install
[2.158s] running install_lib
[2.176s] creating /workspaces/main-catbot/install/foundation/lib/python3.12/site-packages/foundation
[2.177s] copying /workspaces/main-catbot/build/foundation/build/lib/foundation/__init__.py -> /workspaces/main-catbot/install/foundation/lib/python3.12/site-packages/foundation
[2.179s] creating /workspaces/main-catbot/install/foundation/lib/python3.12/site-packages/foundation/component
[2.180s] creating /workspaces/main-catbot/install/foundation/lib/python3.12/site-packages/foundation/component/potentiometer
[2.180s] copying /workspaces/main-catbot/build/foundation/build/lib/foundation/component/potentiometer/potentiometer.py -> /workspaces/main-catbot/install/foundation/lib/python3.12/site-packages/foundation/component/potentiometer
[2.181s] copying /workspaces/main-catbot/build/foundation/build/lib/foundation/component/potentiometer/__init__.py -> /workspaces/main-catbot/install/foundation/lib/python3.12/site-packages/foundation/component/potentiometer
[2.182s] creating /workspaces/main-catbot/install/foundation/lib/python3.12/site-packages/foundation/component/latch
[2.183s] creating /workspaces/main-catbot/install/foundation/lib/python3.12/site-packages/foundation/component/latch/pin
[2.184s] copying /workspaces/main-catbot/build/foundation/build/lib/foundation/component/latch/pin/pin.py -> /workspaces/main-catbot/install/foundation/lib/python3.12/site-packages/foundation/component/latch/pin
[2.185s] copying /workspaces/main-catbot/build/foundation/build/lib/foundation/component/latch/pin/__init__.py -> /workspaces/main-catbot/install/foundation/lib/python3.12/site-packages/foundation/component/latch/pin
[2.186s] copying /workspaces/main-catbot/build/foundation/build/lib/foundation/component/latch/latch.py -> /workspaces/main-catbot/install/foundation/lib/python3.12/site-packages/foundation/component/latch
[2.189s] copying /workspaces/main-catbot/build/foundation/build/lib/foundation/component/latch/__init__.py -> /workspaces/main-catbot/install/foundation/lib/python3.12/site-packages/foundation/component/latch
[2.190s] creating /workspaces/main-catbot/install/foundation/lib/python3.12/site-packages/foundation/component/compressor
[2.191s] copying /workspaces/main-catbot/build/foundation/build/lib/foundation/component/compressor/__init__.py -> /workspaces/main-catbot/install/foundation/lib/python3.12/site-packages/foundation/component/compressor
[2.193s] copying /workspaces/main-catbot/build/foundation/build/lib/foundation/component/compressor/compressor.py -> /workspaces/main-catbot/install/foundation/lib/python3.12/site-packages/foundation/component/compressor
[2.194s] copying /workspaces/main-catbot/build/foundation/build/lib/foundation/component/__init__.py -> /workspaces/main-catbot/install/foundation/lib/python3.12/site-packages/foundation/component
[2.196s] creating /workspaces/main-catbot/install/foundation/lib/python3.12/site-packages/foundation/component/limit_switch
[2.197s] copying /workspaces/main-catbot/build/foundation/build/lib/foundation/component/limit_switch/__init__.py -> /workspaces/main-catbot/install/foundation/lib/python3.12/site-packages/foundation/component/limit_switch
[2.199s] copying /workspaces/main-catbot/build/foundation/build/lib/foundation/component/limit_switch/switch.py -> /workspaces/main-catbot/install/foundation/lib/python3.12/site-packages/foundation/component/limit_switch
[2.201s] creating /workspaces/main-catbot/install/foundation/lib/python3.12/site-packages/foundation/component/smbus
[2.202s] copying /workspaces/main-catbot/build/foundation/build/lib/foundation/component/smbus/smbus.py -> /workspaces/main-catbot/install/foundation/lib/python3.12/site-packages/foundation/component/smbus
[2.205s] copying /workspaces/main-catbot/build/foundation/build/lib/foundation/component/smbus/__init__.py -> /workspaces/main-catbot/install/foundation/lib/python3.12/site-packages/foundation/component/smbus
[2.207s] creating /workspaces/main-catbot/install/foundation/lib/python3.12/site-packages/foundation/component/motor
[2.208s] creating /workspaces/main-catbot/install/foundation/lib/python3.12/site-packages/foundation/component/motor/pin
[2.209s] copying /workspaces/main-catbot/build/foundation/build/lib/foundation/component/motor/pin/speed_pin.py -> /workspaces/main-catbot/install/foundation/lib/python3.12/site-packages/foundation/component/motor/pin
[2.210s] copying /workspaces/main-catbot/build/foundation/build/lib/foundation/component/motor/pin/__init__.py -> /workspaces/main-catbot/install/foundation/lib/python3.12/site-packages/foundation/component/motor/pin
[2.212s] copying /workspaces/main-catbot/build/foundation/build/lib/foundation/component/motor/pin/step_pin.py -> /workspaces/main-catbot/install/foundation/lib/python3.12/site-packages/foundation/component/motor/pin
[2.213s] copying /workspaces/main-catbot/build/foundation/build/lib/foundation/component/motor/motor.py -> /workspaces/main-catbot/install/foundation/lib/python3.12/site-packages/foundation/component/motor
[2.214s] copying /workspaces/main-catbot/build/foundation/build/lib/foundation/component/motor/__init__.py -> /workspaces/main-catbot/install/foundation/lib/python3.12/site-packages/foundation/component/motor
[2.219s] copying /workspaces/main-catbot/build/foundation/build/lib/foundation/component/motor/raw_motor.py -> /workspaces/main-catbot/install/foundation/lib/python3.12/site-packages/foundation/component/motor
[2.227s] creating /workspaces/main-catbot/install/foundation/lib/python3.12/site-packages/foundation/component/adc
[2.228s] copying /workspaces/main-catbot/build/foundation/build/lib/foundation/component/adc/__init__.py -> /workspaces/main-catbot/install/foundation/lib/python3.12/site-packages/foundation/component/adc
[2.232s] copying /workspaces/main-catbot/build/foundation/build/lib/foundation/component/adc/adc.py -> /workspaces/main-catbot/install/foundation/lib/python3.12/site-packages/foundation/component/adc
[2.235s] creating /workspaces/main-catbot/install/foundation/lib/python3.12/site-packages/foundation/component/io_expander
[2.236s] creating /workspaces/main-catbot/install/foundation/lib/python3.12/site-packages/foundation/component/io_expander/pin
[2.237s] copying /workspaces/main-catbot/build/foundation/build/lib/foundation/component/io_expander/pin/__init__.py -> /workspaces/main-catbot/install/foundation/lib/python3.12/site-packages/foundation/component/io_expander/pin
[2.239s] copying /workspaces/main-catbot/build/foundation/build/lib/foundation/component/io_expander/pin/interrupt_pin.py -> /workspaces/main-catbot/install/foundation/lib/python3.12/site-packages/foundation/component/io_expander/pin
[2.240s] copying /workspaces/main-catbot/build/foundation/build/lib/foundation/component/io_expander/io_expander.py -> /workspaces/main-catbot/install/foundation/lib/python3.12/site-packages/foundation/component/io_expander
[2.242s] copying /workspaces/main-catbot/build/foundation/build/lib/foundation/component/io_expander/__init__.py -> /workspaces/main-catbot/install/foundation/lib/python3.12/site-packages/foundation/component/io_expander
[2.244s] creating /workspaces/main-catbot/install/foundation/lib/python3.12/site-packages/foundation/component/muscle
[2.245s] copying /workspaces/main-catbot/build/foundation/build/lib/foundation/component/muscle/__init__.py -> /workspaces/main-catbot/install/foundation/lib/python3.12/site-packages/foundation/component/muscle
[2.246s] creating /workspaces/main-catbot/install/foundation/lib/python3.12/site-packages/foundation/component/muscle/pneumatics
[2.247s] creating /workspaces/main-catbot/install/foundation/lib/python3.12/site-packages/foundation/component/muscle/pneumatics/valve
[2.248s] copying /workspaces/main-catbot/build/foundation/build/lib/foundation/component/muscle/pneumatics/valve/__init__.py -> /workspaces/main-catbot/install/foundation/lib/python3.12/site-packages/foundation/component/muscle/pneumatics/valve
[2.250s] copying /workspaces/main-catbot/build/foundation/build/lib/foundation/component/muscle/pneumatics/valve/valve.py -> /workspaces/main-catbot/install/foundation/lib/python3.12/site-packages/foundation/component/muscle/pneumatics/valve
[2.252s] copying /workspaces/main-catbot/build/foundation/build/lib/foundation/component/muscle/pneumatics/__init__.py -> /workspaces/main-catbot/install/foundation/lib/python3.12/site-packages/foundation/component/muscle/pneumatics
[2.254s] creating /workspaces/main-catbot/install/foundation/lib/python3.12/site-packages/foundation/component/muscle/pneumatics/pressure
[2.255s] copying /workspaces/main-catbot/build/foundation/build/lib/foundation/component/muscle/pneumatics/pressure/pressure.py -> /workspaces/main-catbot/install/foundation/lib/python3.12/site-packages/foundation/component/muscle/pneumatics/pressure
[2.256s] copying /workspaces/main-catbot/build/foundation/build/lib/foundation/component/muscle/pneumatics/pressure/__init__.py -> /workspaces/main-catbot/install/foundation/lib/python3.12/site-packages/foundation/component/muscle/pneumatics/pressure
[2.257s] copying /workspaces/main-catbot/build/foundation/build/lib/foundation/component/muscle/muscle.py -> /workspaces/main-catbot/install/foundation/lib/python3.12/site-packages/foundation/component/muscle
[2.259s] creating /workspaces/main-catbot/install/foundation/lib/python3.12/site-packages/foundation/samples
[2.260s] copying /workspaces/main-catbot/build/foundation/build/lib/foundation/samples/__init__.py -> /workspaces/main-catbot/install/foundation/lib/python3.12/site-packages/foundation/samples
[2.261s] copying /workspaces/main-catbot/build/foundation/build/lib/foundation/samples/stop_motor.py -> /workspaces/main-catbot/install/foundation/lib/python3.12/site-packages/foundation/samples
[2.269s] copying /workspaces/main-catbot/build/foundation/build/lib/foundation/samples/latch_logic_test.py -> /workspaces/main-catbot/install/foundation/lib/python3.12/site-packages/foundation/samples
[2.309s] creating /workspaces/main-catbot/install/foundation/lib/python3.12/site-packages/foundation/state_management
[2.311s] creating /workspaces/main-catbot/install/foundation/lib/python3.12/site-packages/foundation/state_management/generic_devices
[2.318s] copying /workspaces/main-catbot/build/foundation/build/lib/foundation/state_management/generic_devices/generic_devices.py -> /workspaces/main-catbot/install/foundation/lib/python3.12/site-packages/foundation/state_management/generic_devices
[2.329s] copying /workspaces/main-catbot/build/foundation/build/lib/foundation/state_management/generic_devices/__init__.py -> /workspaces/main-catbot/install/foundation/lib/python3.12/site-packages/foundation/state_management/generic_devices
[2.331s] copying /workspaces/main-catbot/build/foundation/build/lib/foundation/state_management/__init__.py -> /workspaces/main-catbot/install/foundation/lib/python3.12/site-packages/foundation/state_management
[2.337s] creating /workspaces/main-catbot/install/foundation/lib/python3.12/site-packages/foundation/state_management/utils
[2.339s] copying /workspaces/main-catbot/build/foundation/build/lib/foundation/state_management/utils/deviceMock.py -> /workspaces/main-catbot/install/foundation/lib/python3.12/site-packages/foundation/state_management/utils
[2.344s] copying /workspaces/main-catbot/build/foundation/build/lib/foundation/state_management/utils/interval.py -> /workspaces/main-catbot/install/foundation/lib/python3.12/site-packages/foundation/state_management/utils
[2.346s] copying /workspaces/main-catbot/build/foundation/build/lib/foundation/state_management/utils/util.py -> /workspaces/main-catbot/install/foundation/lib/python3.12/site-packages/foundation/state_management/utils
[2.348s] copying /workspaces/main-catbot/build/foundation/build/lib/foundation/state_management/utils/cpu.py -> /workspaces/main-catbot/install/foundation/lib/python3.12/site-packages/foundation/state_management/utils
[2.350s] copying /workspaces/main-catbot/build/foundation/build/lib/foundation/state_management/utils/__init__.py -> /workspaces/main-catbot/install/foundation/lib/python3.12/site-packages/foundation/state_management/utils
[2.353s] copying /workspaces/main-catbot/build/foundation/build/lib/foundation/state_management/utils/logger.py -> /workspaces/main-catbot/install/foundation/lib/python3.12/site-packages/foundation/state_management/utils
[2.361s] copying /workspaces/main-catbot/build/foundation/build/lib/foundation/state_management/_device.py -> /workspaces/main-catbot/install/foundation/lib/python3.12/site-packages/foundation/state_management
[2.364s] creating /workspaces/main-catbot/install/foundation/lib/python3.12/site-packages/foundation/view
[2.365s] copying /workspaces/main-catbot/build/foundation/build/lib/foundation/view/__init__.py -> /workspaces/main-catbot/install/foundation/lib/python3.12/site-packages/foundation/view
[2.366s] copying /workspaces/main-catbot/build/foundation/build/lib/foundation/view/pygame.py -> /workspaces/main-catbot/install/foundation/lib/python3.12/site-packages/foundation/view
[2.368s] copying /workspaces/main-catbot/build/foundation/build/lib/foundation/main.py -> /workspaces/main-catbot/install/foundation/lib/python3.12/site-packages/foundation
[2.372s] byte-compiling /workspaces/main-catbot/install/foundation/lib/python3.12/site-packages/foundation/__init__.py to __init__.cpython-312.pyc
[2.377s] byte-compiling /workspaces/main-catbot/install/foundation/lib/python3.12/site-packages/foundation/component/potentiometer/potentiometer.py to potentiometer.cpython-312.pyc
[2.391s] byte-compiling /workspaces/main-catbot/install/foundation/lib/python3.12/site-packages/foundation/component/potentiometer/__init__.py to __init__.cpython-312.pyc
[2.396s] byte-compiling /workspaces/main-catbot/install/foundation/lib/python3.12/site-packages/foundation/component/latch/pin/pin.py to pin.cpython-312.pyc
[2.411s] byte-compiling /workspaces/main-catbot/install/foundation/lib/python3.12/site-packages/foundation/component/latch/pin/__init__.py to __init__.cpython-312.pyc
[2.414s] byte-compiling /workspaces/main-catbot/install/foundation/lib/python3.12/site-packages/foundation/component/latch/latch.py to latch.cpython-312.pyc
[2.419s] byte-compiling /workspaces/main-catbot/install/foundation/lib/python3.12/site-packages/foundation/component/latch/__init__.py to __init__.cpython-312.pyc
[2.421s] byte-compiling /workspaces/main-catbot/install/foundation/lib/python3.12/site-packages/foundation/component/compressor/__init__.py to __init__.cpython-312.pyc
[2.424s] byte-compiling /workspaces/main-catbot/install/foundation/lib/python3.12/site-packages/foundation/component/compressor/compressor.py to compressor.cpython-312.pyc
[2.426s] byte-compiling /workspaces/main-catbot/install/foundation/lib/python3.12/site-packages/foundation/component/__init__.py to __init__.cpython-312.pyc
[2.427s] byte-compiling /workspaces/main-catbot/install/foundation/lib/python3.12/site-packages/foundation/component/limit_switch/__init__.py to __init__.cpython-312.pyc
[2.429s] byte-compiling /workspaces/main-catbot/install/foundation/lib/python3.12/site-packages/foundation/component/limit_switch/switch.py to switch.cpython-312.pyc
[2.431s] byte-compiling /workspaces/main-catbot/install/foundation/lib/python3.12/site-packages/foundation/component/smbus/smbus.py to smbus.cpython-312.pyc
[2.434s] byte-compiling /workspaces/main-catbot/install/foundation/lib/python3.12/site-packages/foundation/component/smbus/__init__.py to __init__.cpython-312.pyc
[2.436s] byte-compiling /workspaces/main-catbot/install/foundation/lib/python3.12/site-packages/foundation/component/motor/pin/speed_pin.py to speed_pin.cpython-312.pyc
[2.437s] byte-compiling /workspaces/main-catbot/install/foundation/lib/python3.12/site-packages/foundation/component/motor/pin/__init__.py to __init__.cpython-312.pyc
[2.440s] byte-compiling /workspaces/main-catbot/install/foundation/lib/python3.12/site-packages/foundation/component/motor/pin/step_pin.py to step_pin.cpython-312.pyc
[2.442s] byte-compiling /workspaces/main-catbot/install/foundation/lib/python3.12/site-packages/foundation/component/motor/motor.py to motor.cpython-312.pyc
[2.444s] byte-compiling /workspaces/main-catbot/install/foundation/lib/python3.12/site-packages/foundation/component/motor/__init__.py to __init__.cpython-312.pyc
[2.447s] byte-compiling /workspaces/main-catbot/install/foundation/lib/python3.12/site-packages/foundation/component/motor/raw_motor.py to raw_motor.cpython-312.pyc
[2.449s] byte-compiling /workspaces/main-catbot/install/foundation/lib/python3.12/site-packages/foundation/component/adc/__init__.py to __init__.cpython-312.pyc
[2.451s] byte-compiling /workspaces/main-catbot/install/foundation/lib/python3.12/site-packages/foundation/component/adc/adc.py to adc.cpython-312.pyc
[2.452s] byte-compiling /workspaces/main-catbot/install/foundation/lib/python3.12/site-packages/foundation/component/io_expander/pin/__init__.py to __init__.cpython-312.pyc
[2.455s] byte-compiling /workspaces/main-catbot/install/foundation/lib/python3.12/site-packages/foundation/component/io_expander/pin/interrupt_pin.py to interrupt_pin.cpython-312.pyc
[2.457s] byte-compiling /workspaces/main-catbot/install/foundation/lib/python3.12/site-packages/foundation/component/io_expander/io_expander.py to io_expander.cpython-312.pyc
[2.462s] byte-compiling /workspaces/main-catbot/install/foundation/lib/python3.12/site-packages/foundation/component/io_expander/__init__.py to __init__.cpython-312.pyc
[2.464s] byte-compiling /workspaces/main-catbot/install/foundation/lib/python3.12/site-packages/foundation/component/muscle/__init__.py to __init__.cpython-312.pyc
[2.466s] byte-compiling /workspaces/main-catbot/install/foundation/lib/python3.12/site-packages/foundation/component/muscle/pneumatics/valve/__init__.py to __init__.cpython-312.pyc
[2.475s] byte-compiling /workspaces/main-catbot/install/foundation/lib/python3.12/site-packages/foundation/component/muscle/pneumatics/valve/valve.py to valve.cpython-312.pyc
[2.480s] byte-compiling /workspaces/main-catbot/install/foundation/lib/python3.12/site-packages/foundation/component/muscle/pneumatics/__init__.py to __init__.cpython-312.pyc
[2.483s] byte-compiling /workspaces/main-catbot/install/foundation/lib/python3.12/site-packages/foundation/component/muscle/pneumatics/pressure/pressure.py to pressure.cpython-312.pyc
[2.485s] byte-compiling /workspaces/main-catbot/install/foundation/lib/python3.12/site-packages/foundation/component/muscle/pneumatics/pressure/__init__.py to __init__.cpython-312.pyc
[2.487s] byte-compiling /workspaces/main-catbot/install/foundation/lib/python3.12/site-packages/foundation/component/muscle/muscle.py to muscle.cpython-312.pyc
[2.489s] byte-compiling /workspaces/main-catbot/install/foundation/lib/python3.12/site-packages/foundation/samples/__init__.py to __init__.cpython-312.pyc
[2.493s] byte-compiling /workspaces/main-catbot/install/foundation/lib/python3.12/site-packages/foundation/samples/stop_motor.py to stop_motor.cpython-312.pyc
[2.496s] byte-compiling /workspaces/main-catbot/install/foundation/lib/python3.12/site-packages/foundation/samples/latch_logic_test.py to latch_logic_test.cpython-312.pyc
[2.500s] byte-compiling /workspaces/main-catbot/install/foundation/lib/python3.12/site-packages/foundation/state_management/generic_devices/generic_devices.py to generic_devices.cpython-312.pyc
[2.504s] byte-compiling /workspaces/main-catbot/install/foundation/lib/python3.12/site-packages/foundation/state_management/generic_devices/__init__.py to __init__.cpython-312.pyc
[2.506s] byte-compiling /workspaces/main-catbot/install/foundation/lib/python3.12/site-packages/foundation/state_management/__init__.py to __init__.cpython-312.pyc
[2.510s] byte-compiling /workspaces/main-catbot/install/foundation/lib/python3.12/site-packages/foundation/state_management/utils/deviceMock.py to deviceMock.cpython-312.pyc
[2.513s] byte-compiling /workspaces/main-catbot/install/foundation/lib/python3.12/site-packages/foundation/state_management/utils/interval.py to interval.cpython-312.pyc
[2.518s] byte-compiling /workspaces/main-catbot/install/foundation/lib/python3.12/site-packages/foundation/state_management/utils/util.py to util.cpython-312.pyc
[2.528s] byte-compiling /workspaces/main-catbot/install/foundation/lib/python3.12/site-packages/foundation/state_management/utils/cpu.py to cpu.cpython-312.pyc
[2.530s] byte-compiling /workspaces/main-catbot/install/foundation/lib/python3.12/site-packages/foundation/state_management/utils/__init__.py to __init__.cpython-312.pyc
[2.538s] byte-compiling /workspaces/main-catbot/install/foundation/lib/python3.12/site-packages/foundation/state_management/utils/logger.py to logger.cpython-312.pyc
[2.539s] byte-compiling /workspaces/main-catbot/install/foundation/lib/python3.12/site-packages/foundation/state_management/_device.py to _device.cpython-312.pyc
[2.554s] byte-compiling /workspaces/main-catbot/install/foundation/lib/python3.12/site-packages/foundation/view/__init__.py to __init__.cpython-312.pyc
[2.557s] byte-compiling /workspaces/main-catbot/install/foundation/lib/python3.12/site-packages/foundation/view/pygame.py to pygame.cpython-312.pyc
[2.560s] byte-compiling /workspaces/main-catbot/install/foundation/lib/python3.12/site-packages/foundation/main.py to main.cpython-312.pyc
[2.562s] running install_data
[2.563s] creating /workspaces/main-catbot/install/foundation/share/ament_index
[2.564s] creating /workspaces/main-catbot/install/foundation/share/ament_index/resource_index
[2.568s] creating /workspaces/main-catbot/install/foundation/share/ament_index/resource_index/packages
[2.569s] copying resource/foundation -> /workspaces/main-catbot/install/foundation/share/ament_index/resource_index/packages
[2.570s] copying package.xml -> /workspaces/main-catbot/install/foundation/share/foundation
[2.571s] running install_egg_info
[2.594s] Copying ../../build/foundation/foundation.egg-info to /workspaces/main-catbot/install/foundation/lib/python3.12/site-packages/foundation-0.0.0-py3.12.egg-info
[2.606s] running install_scripts
[2.752s] writing list of installed files to '/workspaces/main-catbot/build/foundation/install.log'
[2.792s] Invoked command in '/workspaces/main-catbot/src/foundation' returned '0': PYTHONPATH=/workspaces/main-catbot/build/foundation/prefix_override:/usr/lib/python3/dist-packages/colcon_core/task/python/colcon_distutils_commands:/workspaces/main-catbot/install/foundation/lib/python3.12/site-packages:${PYTHONPATH} VIRTUAL_ENV_PROMPT=(.venv) /usr/bin/python3 -W ignore:setup.py install is deprecated setup.py egg_info --egg-base ../../build/foundation build --build-base /workspaces/main-catbot/build/foundation/build install --record /workspaces/main-catbot/build/foundation/install.log --single-version-externally-managed install_data
